<?xml version="1.0" encoding="UTF-8"?>
<!-- Generated by org.testng.reporters.JUnitReportReporter -->
<testsuite hostname="Nehas-MBP.attlocal.net" name="bioinformatics_practice.rosalind.WrightFisherModelTest" tests="4" failures="0" timestamp="15 Aug 2016 04:18:33 GMT" time="0.026" errors="0">
  <testcase name="factorialNegativeNumber" time="0.013" classname="bioinformatics_practice.rosalind.WrightFisherModelTest"/>
  <testcase name="factorialZero" time="0.006" classname="bioinformatics_practice.rosalind.WrightFisherModelTest"/>
  <testcase name="factorialOne" time="0.005" classname="bioinformatics_practice.rosalind.WrightFisherModelTest"/>
  <testcase name="factorialTest" time="0.002" classname="bioinformatics_practice.rosalind.WrightFisherModelTest"/>
</testsuite> <!-- bioinformatics_practice.rosalind.WrightFisherModelTest -->
