<?xml version="1.0" encoding="UTF-8"?>
<!-- Generated by org.testng.reporters.JUnitReportReporter -->
<testsuite hostname="Nehas-MBP.attlocal.net" name="bioinformatics_practice.rosalind.RabbitsAndRecurrenceRelationsTest" tests="8" failures="0" timestamp="15 Aug 2016 03:12:04 GMT" time="0.069" errors="0">
  <testcase name="fibonacciPositiveTest" time="0.054" classname="bioinformatics_practice.rosalind.RabbitsAndRecurrenceRelationsTest"/>
  <testcase name="highNValue" time="0.002" classname="bioinformatics_practice.rosalind.RabbitsAndRecurrenceRelationsTest"/>
  <testcase name="fibonacciSeedValueZero" time="0.002" classname="bioinformatics_practice.rosalind.RabbitsAndRecurrenceRelationsTest"/>
  <testcase name="highKValue" time="0.002" classname="bioinformatics_practice.rosalind.RabbitsAndRecurrenceRelationsTest"/>
  <testcase name="lowKValue" time="0.002" classname="bioinformatics_practice.rosalind.RabbitsAndRecurrenceRelationsTest"/>
  <testcase name="fibonacciSeedValueOne" time="0.003" classname="bioinformatics_practice.rosalind.RabbitsAndRecurrenceRelationsTest"/>
  <testcase name="lowNValue" time="0.002" classname="bioinformatics_practice.rosalind.RabbitsAndRecurrenceRelationsTest"/>
  <testcase name="fibonacciTest" time="0.002" classname="bioinformatics_practice.rosalind.RabbitsAndRecurrenceRelationsTest"/>
</testsuite> <!-- bioinformatics_practice.rosalind.RabbitsAndRecurrenceRelationsTest -->
